<?xml version="1.0" encoding="UTF-8"?>
<testng-results ignored="0" total="2" passed="2" failed="0" skipped="0">
  <reporter-output>
  </reporter-output>
  <suite started-at="2022-12-07T17:37:08 EST" name="Parallel_Testing" finished-at="2022-12-07T17:37:14 EST" duration-ms="6870">
    <groups>
    </groups>
    <test started-at="2022-12-07T17:37:08 EST" name="fireFoxTest" finished-at="2022-12-07T17:37:10 EST" duration-ms="2532">
      <class name="Org.Test.SeleniumOpenBrowser.parallelExecution">
        <test-method signature="preCondition(java.lang.String)[pri:0, instance:Org.Test.SeleniumOpenBrowser.parallelExecution@1de76cc7]" started-at="2022-12-07T17:37:08 EST" name="preCondition" finished-at="2022-12-07T17:37:10 EST" duration-ms="2501" status="PASS">
          <params>
            <param index="0">
              <value>
                <![CDATA[Chrome]]>
              </value>
            </param>
          </params>
          <reporter-output>
          </reporter-output>
        </test-method> <!-- preCondition -->
      </class> <!-- Org.Test.SeleniumOpenBrowser.parallelExecution -->
    </test> <!-- fireFoxTest -->
    <test started-at="2022-12-07T17:37:08 EST" name="chromeTest" finished-at="2022-12-07T17:37:14 EST" duration-ms="6870">
      <class name="Org.Test.SeleniumOpenBrowser.parallelExecution">
        <test-method signature="preCondition(java.lang.String)[pri:0, instance:Org.Test.SeleniumOpenBrowser.parallelExecution@3059cbc]" started-at="2022-12-07T17:37:08 EST" name="preCondition" finished-at="2022-12-07T17:37:14 EST" duration-ms="6841" status="PASS">
          <params>
            <param index="0">
              <value>
                <![CDATA[Firefox]]>
              </value>
            </param>
          </params>
          <reporter-output>
          </reporter-output>
        </test-method> <!-- preCondition -->
      </class> <!-- Org.Test.SeleniumOpenBrowser.parallelExecution -->
    </test> <!-- chromeTest -->
  </suite> <!-- Parallel_Testing -->
</testng-results>
